  BlizzardHash.cpp
  BoolMatch.cpp
D:\00a\IR\SearchingSystem\SearchingProject\SearchingProject\Preprocess.h(18,2): warning C4091: “typedef ”: 没有声明变量时忽略“KgramNode”的左侧
  main.cpp
D:\00a\IR\SearchingSystem\SearchingProject\SearchingProject\Preprocess.h(18,2): warning C4091: “typedef ”: 没有声明变量时忽略“KgramNode”的左侧
D:\00a\IR\SearchingSystem\SearchingProject\SearchingProject\CompressIndex.h(131,1): warning C4267: “=”: 从“size_t”转换到“int”，可能丢失数据
D:\00a\IR\SearchingSystem\SearchingProject\SearchingProject\CompressIndex.h(136,1): warning C4267: “初始化”: 从“size_t”转换到“int”，可能丢失数据
D:\00a\IR\SearchingSystem\SearchingProject\SearchingProject\SynExtend.h(82,1): warning C4267: “=”: 从“size_t”转换到“int”，可能丢失数据
D:\00a\IR\SearchingSystem\SearchingProject\SearchingProject\main.cpp(75,22): warning C4267: “初始化”: 从“size_t”转换到“int”，可能丢失数据
  PhraseMatch.cpp
D:\00a\IR\SearchingSystem\SearchingProject\SearchingProject\Preprocess.h(18,2): warning C4091: “typedef ”: 没有声明变量时忽略“KgramNode”的左侧
D:\00a\IR\SearchingSystem\SearchingProject\SearchingProject\PhraseMatch.cpp(5,26): warning C4267: “初始化”: 从“size_t”转换到“int”，可能丢失数据
  Preprocess.cpp
D:\00a\IR\SearchingSystem\SearchingProject\SearchingProject\Preprocess.h(18,2): warning C4091: “typedef ”: 没有声明变量时忽略“KgramNode”的左侧
D:\00a\IR\SearchingSystem\SearchingProject\SearchingProject\Preprocess.cpp(39,23): warning C4267: “=”: 从“size_t”转换到“int”，可能丢失数据
D:\00a\IR\SearchingSystem\SearchingProject\SearchingProject\Preprocess.cpp(269,25): warning C4244: “参数”: 从“int”转换到“float”，可能丢失数据
D:\00a\IR\SearchingSystem\SearchingProject\SearchingProject\Preprocess.cpp(272,43): warning C4267: “=”: 从“size_t”转换到“int”，可能丢失数据
  SpellingCorrect.cpp
D:\00a\IR\SearchingSystem\SearchingProject\SearchingProject\Preprocess.h(18,2): warning C4091: “typedef ”: 没有声明变量时忽略“KgramNode”的左侧
D:\00a\IR\SearchingSystem\SearchingProject\SearchingProject\SpellingCorrect.cpp(63,27): warning C4267: “初始化”: 从“size_t”转换到“int”，可能丢失数据
  TopK.cpp
D:\00a\IR\SearchingSystem\SearchingProject\SearchingProject\Preprocess.h(18,2): warning C4091: “typedef ”: 没有声明变量时忽略“KgramNode”的左侧
  WildMatch.cpp
D:\00a\IR\SearchingSystem\SearchingProject\SearchingProject\Preprocess.h(18,2): warning C4091: “typedef ”: 没有声明变量时忽略“KgramNode”的左侧
D:\00a\IR\SearchingSystem\SearchingProject\SearchingProject\WildMatch.cpp(91,33): warning C4267: “初始化”: 从“size_t”转换到“int”，可能丢失数据
  正在生成代码...
  SearchingProject.vcxproj -> D:\00a\IR\SearchingSystem\SearchingProject\x64\Debug\SearchingProject.exe
